

----- 2025-06-19 19:36:52 -----
Request started
Session started
Session data: Array
(
    [user_id] => 1
    [user] => admin03
    [fullname] => Aminah
    [role] => admin
    [profile_image] => ../admin/uploads/profile_pictures/default_admin.png
)

Including database connection
Database connection included
Database connection established
Request method: POST
POST data: Array
(
    [room_id] => 81
)

Extracted room_id: 81
Executing query to get block_id: SELECT block_id FROM rooms WHERE id = ? with room_id = 81
Found block_id: 1
Checking for active registrations
room_registrations table exists: No
room_registrations table doesn't exist, assuming no registrations


----- 2025-06-19 19:36:58 -----
Request started
Session started
Session data: Array
(
    [user_id] => 1
    [user] => admin03
    [fullname] => Aminah
    [role] => admin
    [profile_image] => ../admin/uploads/profile_pictures/default_admin.png
)

Including database connection
Database connection included
Database connection established
Request method: POST
POST data: Array
(
    [room_id] => 82
)

Extracted room_id: 82
Executing query to get block_id: SELECT block_id FROM rooms WHERE id = ? with room_id = 82
Found block_id: 1
Checking for active registrations
room_registrations table exists: No
room_registrations table doesn't exist, assuming no registrations


----- 2025-06-19 20:09:09 -----
Request started
Session started
Session data: Array
(
    [user_id] => 1
    [user] => admin03
    [fullname] => Aminah
    [role] => admin
    [profile_image] => ../admin/uploads/profile_pictures/default_admin.png
)

Including database connection
Database connection included
Database connection established
Request method: POST
POST data: Array
(
    [room_id] => 83
)

Extracted room_id: 83
Executing query to get block_id: SELECT block_id FROM rooms WHERE id = ? with room_id = 83
Found block_id: 1
Checking for active registrations
room_registrations table exists: No
room_registrations table doesn't exist, assuming no registrations
Delete query: DELETE FROM rooms WHERE id = ? with room_id = 83
Delete result: Success
Affected rows: 1
Room deleted successfully
Getting updated stats for block_id: 1
Sending success response: Array
(
    [success] => 1
    [message] => Room deleted successfully
    [room_id] => 83
    [stats] => Array
        (
            [total_rooms] => 10
            [available_rooms] => 10
            [occupied_rooms] => 0
            [maintenance_rooms] => 0
        )

)

Request completed
